[debug] [2022-03-23T02:37:00.432Z] ----------------------------------------------------------------------
[debug] [2022-03-23T02:37:00.435Z] Command:       /usr/local/bin/node /usr/local/bin/firebase deploy
[debug] [2022-03-23T02:37:00.435Z] CLI Version:   10.4.1
[debug] [2022-03-23T02:37:00.435Z] Platform:      darwin
[debug] [2022-03-23T02:37:00.435Z] Node Version:  v16.14.0
[debug] [2022-03-23T02:37:00.436Z] Time:          Tue Mar 22 2022 22:37:00 GMT-0400 (Eastern Daylight Time)
[debug] [2022-03-23T02:37:00.437Z] ----------------------------------------------------------------------
[debug] 
[debug] [2022-03-23T02:37:00.503Z] > command requires scopes: ["email","openid","https://www.googleapis.com/auth/cloudplatformprojects.readonly","https://www.googleapis.com/auth/firebase","https://www.googleapis.com/auth/cloud-platform"]
[debug] [2022-03-23T02:37:00.504Z] > authorizing via signed-in user (familyofthehongs@gmail.com)
[debug] [2022-03-23T02:37:00.504Z] [iam] checking project pui-alicehon-app for permissions ["firebase.projects.get","firebasehosting.sites.update"]
[debug] [2022-03-23T02:37:00.506Z] >>> [apiv2][query] POST https://cloudresourcemanager.googleapis.com/v1/projects/pui-alicehon-app:testIamPermissions [none]
[debug] [2022-03-23T02:37:00.506Z] >>> [apiv2][body] POST https://cloudresourcemanager.googleapis.com/v1/projects/pui-alicehon-app:testIamPermissions {"permissions":["firebase.projects.get","firebasehosting.sites.update"]}
[debug] [2022-03-23T02:37:00.745Z] <<< [apiv2][status] POST https://cloudresourcemanager.googleapis.com/v1/projects/pui-alicehon-app:testIamPermissions 200
[debug] [2022-03-23T02:37:00.745Z] <<< [apiv2][body] POST https://cloudresourcemanager.googleapis.com/v1/projects/pui-alicehon-app:testIamPermissions {"permissions":["firebase.projects.get","firebasehosting.sites.update"]}
[debug] [2022-03-23T02:37:00.747Z] >>> [apiv2][query] GET https://firebase.googleapis.com/v1beta1/projects/pui-alicehon-app [none]
[debug] [2022-03-23T02:37:00.941Z] <<< [apiv2][status] GET https://firebase.googleapis.com/v1beta1/projects/pui-alicehon-app 200
[debug] [2022-03-23T02:37:00.942Z] <<< [apiv2][body] GET https://firebase.googleapis.com/v1beta1/projects/pui-alicehon-app {"projectId":"pui-alicehon-app","projectNumber":"510121546295","displayName":"pui-alicehon-app","name":"projects/pui-alicehon-app","resources":{"hostingSite":"pui-alicehon-app","realtimeDatabaseInstance":"pui-alicehon-app-default-rtdb"},"state":"ACTIVE"}
[info] 
[info] === Deploying to 'pui-alicehon-app'...
[info] 
[info] i  deploying hosting 
[debug] [2022-03-23T02:37:00.945Z] >>> [apiv2][query] GET https://firebase.googleapis.com/v1beta1/projects/pui-alicehon-app [none]
[debug] [2022-03-23T02:37:01.139Z] <<< [apiv2][status] GET https://firebase.googleapis.com/v1beta1/projects/pui-alicehon-app 200
[debug] [2022-03-23T02:37:01.140Z] <<< [apiv2][body] GET https://firebase.googleapis.com/v1beta1/projects/pui-alicehon-app {"projectId":"pui-alicehon-app","projectNumber":"510121546295","displayName":"pui-alicehon-app","name":"projects/pui-alicehon-app","resources":{"hostingSite":"pui-alicehon-app","realtimeDatabaseInstance":"pui-alicehon-app-default-rtdb"},"state":"ACTIVE"}
[debug] [2022-03-23T02:37:01.144Z] >>> [apiv2][query] POST https://firebasehosting.googleapis.com/v1beta1/projects/510121546295/sites/pui-alicehon-app/versions [none]
[debug] [2022-03-23T02:37:01.145Z] >>> [apiv2][body] POST https://firebasehosting.googleapis.com/v1beta1/projects/510121546295/sites/pui-alicehon-app/versions {"config":{"rewrites":[{"glob":"**","path":"/index.html"}]},"labels":{"deployment-tool":"cli-firebase"}}
[debug] [2022-03-23T02:37:01.634Z] <<< [apiv2][status] POST https://firebasehosting.googleapis.com/v1beta1/projects/510121546295/sites/pui-alicehon-app/versions 200
[debug] [2022-03-23T02:37:01.635Z] <<< [apiv2][body] POST https://firebasehosting.googleapis.com/v1beta1/projects/510121546295/sites/pui-alicehon-app/versions {"name":"projects/510121546295/sites/pui-alicehon-app/versions/651bdab8f012c676","status":"CREATED","config":{"rewrites":[{"glob":"**","path":"/index.html"}]},"labels":{"deployment-tool":"cli-firebase"}}
[info] i  hosting[pui-alicehon-app]: beginning deploy... 
[debug] [2022-03-23T02:37:01.771Z] Error: EPERM: operation not permitted, scandir '/Users/alicehong/.Trash'
    at Object.readdirSync (node:fs:1392:3)
    at GlobSync._readdir (/usr/local/lib/node_modules/firebase-tools/node_modules/glob/sync.js:285:46)
    at GlobSync._readdirInGlobStar (/usr/local/lib/node_modules/firebase-tools/node_modules/glob/sync.js:242:17)
    at GlobSync._readdir (/usr/local/lib/node_modules/firebase-tools/node_modules/glob/sync.js:273:17)
    at GlobSync._processReaddir (/usr/local/lib/node_modules/firebase-tools/node_modules/glob/sync.js:134:22)
    at GlobSync._process (/usr/local/lib/node_modules/firebase-tools/node_modules/glob/sync.js:129:10)
    at GlobSync._processGlobStar (/usr/local/lib/node_modules/firebase-tools/node_modules/glob/sync.js:377:10)
    at GlobSync._process (/usr/local/lib/node_modules/firebase-tools/node_modules/glob/sync.js:127:10)
    at new GlobSync (/usr/local/lib/node_modules/firebase-tools/node_modules/glob/sync.js:45:10)
    at globSync (/usr/local/lib/node_modules/firebase-tools/node_modules/glob/sync.js:23:10)
    at listFiles (/usr/local/lib/node_modules/firebase-tools/lib/listFiles.js:6:28)
    at runDeploys (/usr/local/lib/node_modules/firebase-tools/lib/deploy/hosting/deploy.js:42:49)
    at deploy (/usr/local/lib/node_modules/firebase-tools/lib/deploy/hosting/deploy.js:83:12)
    at _chain (/usr/local/lib/node_modules/firebase-tools/lib/deploy/index.js:24:40)
    at /usr/local/lib/node_modules/firebase-tools/lib/deploy/index.js:69:16
    at processTicksAndRejections (node:internal/process/task_queues:96:5)
[error] 
[error] Error: An unexpected error has occurred.
